<?xml version="1.0" encoding="UTF-8"?>
<robot generator="Robot 6.0 (Python 3.10.8 on win32)" generated="20221126 20:46:52.033" rpa="false" schemaversion="3">
<suite id="s1" name="Bot" source="C:\Users\user\Desktop\bot.youtube\bot.robot">
<test id="s1-t1" name="Bot Tube" line="9">
<kw name="Abrir o Navegador" library="bot_resources" type="SETUP">
<kw name="New Browser" library="Browser">
<arg>headless=False</arg>
<tag>BrowserControl</tag>
<tag>Setter</tag>
<doc>Create a new playwright Browser with specified options.</doc>
<msg timestamp="20221126 20:46:55.403" level="INFO">{"browser": "chromium", "headless": false, "devtools": false, "handleSIGHUP": true, "handleSIGINT": true, "handleSIGTERM": true, "slowMo": 0.0, "timeout": 30000.0, "deprecated_pos_args": [], "tracesDir": "C:\\Users\\user\\Desktop\\bot.youtube\\log\\browser\\traces\\997033fa-854d-4d1f-91ac-301d8ab151dd"}</msg>
<msg timestamp="20221126 20:46:59.255" level="INFO">Successfully created browser with options: {"browser":"chromium","headless":false,"devtools":false,"handleSIGHUP":true,"handleSIGINT":true,"handleSIGTERM":true,"slowMo":0,"timeout":30000,"deprecated_pos_args":[],"tracesDir":"C:\\Users\\user\\Desktop\\bot.youtube\\log\\browser\\traces\\997033fa-854d-4d1f-91ac-301d8ab151dd"}</msg>
<status status="PASS" starttime="20221126 20:46:55.402" endtime="20221126 20:46:59.255"/>
</kw>
<kw name="New Page" library="Browser">
<arg>${url}</arg>
<tag>BrowserControl</tag>
<tag>Setter</tag>
<doc>Open a new Page.</doc>
<msg timestamp="20221126 20:47:05.379" level="INFO">Successfully initialized new page object and opened url: https://www.youtube.com/</msg>
<msg timestamp="20221126 20:47:05.380" level="INFO">No context was open. New context was automatically opened when this page is created.</msg>
<status status="PASS" starttime="20221126 20:46:59.256" endtime="20221126 20:47:05.380"/>
</kw>
<status status="PASS" starttime="20221126 20:46:55.400" endtime="20221126 20:47:05.381"/>
</kw>
<kw name="Acessa a home page do Youtube" library="bot_resources">
<kw name="Wait For Elements State" library="Browser">
<arg>(//a[@href='/'])[1]</arg>
<tag>PageContent</tag>
<tag>Wait</tag>
<doc>Waits for the element found by ``selector`` to satisfy state option.</doc>
<msg timestamp="20221126 20:47:08.067" level="INFO">Waited for Element with selector (//a[@href='/'])[1] at state visible</msg>
<status status="PASS" starttime="20221126 20:47:05.410" endtime="20221126 20:47:08.070"/>
</kw>
<kw name="Wait For Elements State" library="Browser">
<arg>selector=//ytd-mini-guide-renderer[@role='navigation']</arg>
<tag>PageContent</tag>
<tag>Wait</tag>
<doc>Waits for the element found by ``selector`` to satisfy state option.</doc>
<msg timestamp="20221126 20:47:08.324" level="INFO">Waited for Element with selector //ytd-mini-guide-renderer[@role='navigation'] at state visible</msg>
<status status="PASS" starttime="20221126 20:47:08.072" endtime="20221126 20:47:08.324"/>
</kw>
<kw name="Sleep" library="BuiltIn">
<arg>1</arg>
<doc>Pauses the test executed for the given time.</doc>
<msg timestamp="20221126 20:47:09.332" level="INFO">Slept 1 second</msg>
<status status="PASS" starttime="20221126 20:47:08.325" endtime="20221126 20:47:09.332"/>
</kw>
<status status="PASS" starttime="20221126 20:47:05.404" endtime="20221126 20:47:09.333"/>
</kw>
<kw name="Verificar se o título da página aparece YouTube" library="bot_resources" sourcename="Verificar se o título da página aparece ${title}">
<kw name="Get Title" library="Browser">
<arg>equal</arg>
<arg>${title}</arg>
<tag>Assertion</tag>
<tag>Getter</tag>
<tag>PageContent</tag>
<doc>Returns the title of the current page.</doc>
<status status="PASS" starttime="20221126 20:47:09.335" endtime="20221126 20:47:09.491"/>
</kw>
<status status="PASS" starttime="20221126 20:47:09.334" endtime="20221126 20:47:09.492"/>
</kw>
<kw name="Pesquisar sobre Robot Framework" library="bot_resources">
<kw name="Get Element States" library="Browser">
<arg>selector=(//yt-icon[@id='logo-icon'])[1]</arg>
<tag>Assertion</tag>
<tag>Getter</tag>
<tag>PageContent</tag>
<doc>Get the active states from the element found by ``selector``.</doc>
<msg timestamp="20221126 20:47:09.766" level="INFO">States are: ['detached']</msg>
<status status="PASS" starttime="20221126 20:47:09.496" endtime="20221126 20:47:09.766"/>
</kw>
<kw name="Get Text" library="Browser">
<arg>//input[contains(@placeholder,'Pesquisar')]</arg>
<tag>Assertion</tag>
<tag>Getter</tag>
<tag>PageContent</tag>
<doc>Returns text attribute of the element found by ``selector``.</doc>
<status status="PASS" starttime="20221126 20:47:09.767" endtime="20221126 20:47:10.403"/>
</kw>
<kw name="Take Screenshot" library="Browser">
<tag>PageContent</tag>
<doc>Takes a screenshot of the current window or element and saves it to disk.</doc>
<msg timestamp="20221126 20:47:11.409" level="INFO" html="true">&lt;/td&gt;&lt;/tr&gt;&lt;tr&gt;&lt;td colspan="3"&gt;&lt;a href="browser/screenshot/robotframework-browser-screenshot-1.png"&gt;&lt;img src="browser/screenshot/robotframework-browser-screenshot-1.png" width="800px"&gt;&lt;/a&gt;</msg>
<status status="PASS" starttime="20221126 20:47:10.404" endtime="20221126 20:47:11.409"/>
</kw>
<kw name="Type Text" library="Browser">
<arg>input#search</arg>
<arg>txt=Robot Framework</arg>
<tag>PageContent</tag>
<tag>Setter</tag>
<doc>Types the given ``txt`` into the text field found by ``selector``.</doc>
<msg timestamp="20221126 20:47:11.415" level="INFO">Types the text 'Robot Framework' in the given field.</msg>
<status status="PASS" starttime="20221126 20:47:11.411" endtime="20221126 20:47:12.432"/>
</kw>
<kw name="Click" library="Browser">
<arg>button#search-icon-legacy</arg>
<tag>PageContent</tag>
<tag>Setter</tag>
<doc>Simulates mouse click on the element found by ``selector``.</doc>
<status status="PASS" starttime="20221126 20:47:12.432" endtime="20221126 20:47:13.053"/>
</kw>
<kw name="Get Text" library="Browser">
<arg>selector=//span[@title='Aprenda Robot Framework']</arg>
<tag>Assertion</tag>
<tag>Getter</tag>
<tag>PageContent</tag>
<doc>Returns text attribute of the element found by ``selector``.</doc>
<status status="PASS" starttime="20221126 20:47:13.054" endtime="20221126 20:47:15.287"/>
</kw>
<kw name="Sleep" library="BuiltIn">
<arg>2s</arg>
<doc>Pauses the test executed for the given time.</doc>
<msg timestamp="20221126 20:47:17.300" level="INFO">Slept 2 seconds</msg>
<status status="PASS" starttime="20221126 20:47:15.288" endtime="20221126 20:47:17.300"/>
</kw>
<kw name="Click" library="Browser">
<arg>//span[@title='Aprenda Robot Framework']</arg>
<tag>PageContent</tag>
<tag>Setter</tag>
<doc>Simulates mouse click on the element found by ``selector``.</doc>
<status status="PASS" starttime="20221126 20:47:17.301" endtime="20221126 20:47:17.543"/>
</kw>
<kw name="Sleep" library="BuiltIn">
<arg>2s</arg>
<doc>Pauses the test executed for the given time.</doc>
<msg timestamp="20221126 20:47:19.547" level="INFO">Slept 2 seconds</msg>
<status status="PASS" starttime="20221126 20:47:17.544" endtime="20221126 20:47:19.547"/>
</kw>
<kw name="Click" library="Browser">
<arg>//button[contains(.,'Pular anúncio')]</arg>
<tag>PageContent</tag>
<tag>Setter</tag>
<doc>Simulates mouse click on the element found by ``selector``.</doc>
<status status="PASS" starttime="20221126 20:47:19.548" endtime="20221126 20:47:27.192"/>
</kw>
<kw name="Sleep" library="BuiltIn">
<arg>5s</arg>
<doc>Pauses the test executed for the given time.</doc>
<msg timestamp="20221126 20:47:32.200" level="INFO">Slept 5 seconds</msg>
<status status="PASS" starttime="20221126 20:47:27.193" endtime="20221126 20:47:32.200"/>
</kw>
<kw name="Click" library="Browser">
<arg>//video[@tabindex='-1']</arg>
<tag>PageContent</tag>
<tag>Setter</tag>
<doc>Simulates mouse click on the element found by ``selector``.</doc>
<status status="PASS" starttime="20221126 20:47:32.201" endtime="20221126 20:47:32.439"/>
</kw>
<kw name="Sleep" library="BuiltIn">
<arg>2s</arg>
<doc>Pauses the test executed for the given time.</doc>
<msg timestamp="20221126 20:47:34.442" level="INFO">Slept 2 seconds</msg>
<status status="PASS" starttime="20221126 20:47:32.439" endtime="20221126 20:47:34.442"/>
</kw>
<kw name="Get Element States" library="Browser">
<arg>//div[@id='primary']</arg>
<tag>Assertion</tag>
<tag>Getter</tag>
<tag>PageContent</tag>
<doc>Get the active states from the element found by ``selector``.</doc>
<msg timestamp="20221126 20:47:37.601" level="INFO">States are: ['detached']</msg>
<status status="PASS" starttime="20221126 20:47:34.443" endtime="20221126 20:47:37.601"/>
</kw>
<kw name="Click" library="Browser">
<arg>//video[@tabindex='-1']</arg>
<tag>PageContent</tag>
<tag>Setter</tag>
<doc>Simulates mouse click on the element found by ``selector``.</doc>
<status status="PASS" starttime="20221126 20:47:37.602" endtime="20221126 20:47:37.702"/>
</kw>
<kw name="Sleep" library="BuiltIn">
<arg>3s</arg>
<doc>Pauses the test executed for the given time.</doc>
<msg timestamp="20221126 20:47:40.713" level="INFO">Slept 3 seconds</msg>
<status status="PASS" starttime="20221126 20:47:37.704" endtime="20221126 20:47:40.715"/>
</kw>
<kw name="Evaluate JavaScript" library="Browser">
<arg>body</arg>
<arg>(elem) =&gt; window.scrollTo(0, 500)</arg>
<tag>Getter</tag>
<tag>PageContent</tag>
<tag>Setter</tag>
<doc>Executes given javascript on the selected element(s) or on page.</doc>
<status status="PASS" starttime="20221126 20:47:40.715" endtime="20221126 20:47:40.994"/>
</kw>
<kw name="Evaluate JavaScript" library="Browser">
<arg>div#placeholder-area</arg>
<arg>(elem) =&gt; elem.innerText = "Bot de Teste"</arg>
<tag>Getter</tag>
<tag>PageContent</tag>
<tag>Setter</tag>
<doc>Executes given javascript on the selected element(s) or on page.</doc>
<status status="PASS" starttime="20221126 20:47:40.995" endtime="20221126 20:47:42.853"/>
</kw>
<kw name="Sleep" library="BuiltIn">
<arg>8s</arg>
<doc>Pauses the test executed for the given time.</doc>
<msg timestamp="20221126 20:47:50.860" level="INFO">Slept 8 seconds</msg>
<status status="PASS" starttime="20221126 20:47:42.854" endtime="20221126 20:47:50.860"/>
</kw>
<status status="PASS" starttime="20221126 20:47:09.495" endtime="20221126 20:47:50.861"/>
</kw>
<kw name="Fechar o Navegador" library="bot_resources" type="TEARDOWN">
<kw name="Take Screenshot" library="Browser">
<tag>PageContent</tag>
<doc>Takes a screenshot of the current window or element and saves it to disk.</doc>
<msg timestamp="20221126 20:47:51.528" level="INFO" html="true">&lt;/td&gt;&lt;/tr&gt;&lt;tr&gt;&lt;td colspan="3"&gt;&lt;a href="browser/screenshot/robotframework-browser-screenshot-2.png"&gt;&lt;img src="browser/screenshot/robotframework-browser-screenshot-2.png" width="800px"&gt;&lt;/a&gt;</msg>
<status status="PASS" starttime="20221126 20:47:50.879" endtime="20221126 20:47:51.528"/>
</kw>
<kw name="Close Browser" library="SeleniumLibrary">
<doc>Closes the current browser.</doc>
<status status="PASS" starttime="20221126 20:47:51.528" endtime="20221126 20:47:51.530"/>
</kw>
<status status="PASS" starttime="20221126 20:47:50.877" endtime="20221126 20:47:51.530"/>
</kw>
<doc>Bot de navegação no youtube</doc>
<tag>site</tag>
<status status="PASS" starttime="20221126 20:46:55.389" endtime="20221126 20:47:51.532"/>
</test>
<doc>Bot de navegação no youtube</doc>
<status status="PASS" starttime="20221126 20:46:52.037" endtime="20221126 20:47:52.303"/>
</suite>
<statistics>
<total>
<stat pass="1" fail="0" skip="0">All Tests</stat>
</total>
<tag>
<stat pass="1" fail="0" skip="0">site</stat>
</tag>
<suite>
<stat pass="1" fail="0" skip="0" id="s1" name="Bot">Bot</stat>
</suite>
</statistics>
<errors>
</errors>
</robot>
